==================================================================
= Multi Theft Auto: San Andreas v1.5.7
==================================================================
= Server name      : Default MTA Server
= Server IP address: auto
= Server port      : 22003
= 
= Log file         : .. 1.5/server/mods/deathmatch/logs/server.log
= Maximum players  : 32
= HTTP port        : 22005
= Voice Chat       : Disabled
= Bandwidth saving : Medium
==================================================================
[2020-09-16 13:30:01] File 'settings.xml' not present, creating new node.
==================================================================
= Multi Theft Auto: San Andreas v1.5.7
==================================================================
= Server name      : Kalbim cit
= Server IP address: auto
= Server port      : 22003
= 
= Log file         : .. 1.5/server/mods/deathmatch/logs/server.log
= Maximum players  : 32
= HTTP port        : 22005
= Voice Chat       : Disabled
= Bandwidth saving : Medium
==================================================================
[2020-09-16 13:30:25] Compacting accounts database 'internal.db' ...
[2020-09-16 13:30:41] Resources: 191 loaded, 0 failed
[2020-09-16 13:30:41] Compacting database 'registry.db' ...
[2020-09-16 13:30:41] Starting resources...
[2020-09-16 13:30:42] Admin access list successfully updated 
[2020-09-16 13:30:42] INFO: Admin added 506 missing rights
[2020-09-16 13:30:42] Server minclientversion is now 1.3.0-9.04311
[2020-09-16 13:30:44] Server minclientversion is now 1.5.6-9.16362
[2020-09-16 13:30:44] Gamemode 'play' started.
[2020-09-16 13:30:44] Querying MTA master server... success! (Auto detected IP:34.94.144.18)
[2020-09-16 13:30:44] Authorized serial account protection is enabled for the ACL group(s): `Admin`  See http://mtasa.com/authserial
[2020-09-16 13:30:44] WARNING: <owner_email_address> not set
[2020-09-16 13:30:44] Server started and is ready to accept connections!
[2020-09-16 13:30:44] To stop the server, type 'shutdown' or press Ctrl-C
[2020-09-16 13:30:44] Type 'help' for a list of commands.
[2020-09-16 13:32:40] Server stopped!
[2020-09-16 13:32:40] Stopping resources.......................
[2020-09-16 13:32:40] Closing SQLite3 database
==================================================================
= Multi Theft Auto: San Andreas v1.5.7
==================================================================
= Server name      : Kalbim cit
= Server IP address: auto
= Server port      : 22003
= 
= Log file         : .. 1.5/server/mods/deathmatch/logs/server.log
= Maximum players  : 32
= HTTP port        : 22005
= Voice Chat       : Disabled
= Bandwidth saving : Medium
==================================================================
==================================================================
= Multi Theft Auto: San Andreas v1.5.7
==================================================================
= Server name      : Kalbim cit
= Server IP address: auto
= Server port      : 22003
= 
= Log file         : .. 1.5/server/mods/deathmatch/logs/server.log
= Maximum players  : 32
= HTTP port        : 22005
= Voice Chat       : Disabled
= Bandwidth saving : Medium
==================================================================
[2020-09-16 13:41:04] Resources: 191 loaded, 0 failed
[2020-09-16 13:41:04] Starting resources...
[2020-09-16 13:41:04] Server minclientversion is now 1.5.7-9.20621.0
[2020-09-16 13:41:04] Gamemode 'play' started.
[2020-09-16 13:41:04] Querying MTA master server... success! (Auto detected IP:34.94.144.18)
[2020-09-16 13:41:04] Authorized serial account protection is enabled for the ACL group(s): `Admin`  See http://mtasa.com/authserial
[2020-09-16 13:41:04] WARNING: <owner_email_address> not set
[2020-09-16 13:41:04] Server started and is ready to accept connections!
[2020-09-16 13:41:04] To stop the server, type 'shutdown' or press Ctrl-C
[2020-09-16 13:41:04] Type 'help' for a list of commands.
[2020-09-16 13:41:19] Server stopped!
[2020-09-16 13:41:19] Stopping resources.......................
[2020-09-16 13:41:19] Closing SQLite3 database
==================================================================
= Multi Theft Auto: San Andreas v1.5.7
==================================================================
= Server name      : Kalbim cit
= Server IP address: auto
= Server port      : 22003
= 
= Log file         : .. 1.5/server/mods/deathmatch/logs/server.log
= Maximum players  : 32
= HTTP port        : 22005
= Voice Chat       : Disabled
= Bandwidth saving : Medium
==================================================================
[2020-09-16 13:41:44] Resources: 191 loaded, 0 failed
[2020-09-16 13:41:44] Starting resources...
[2020-09-16 13:41:44] Server minclientversion is now 1.5.7-9.20621.0
[2020-09-16 13:41:44] Gamemode 'play' started.
[2020-09-16 13:41:44] Querying MTA master server... success! (Auto detected IP:34.94.144.18)
[2020-09-16 13:41:44] Authorized serial account protection is enabled for the ACL group(s): `Admin`  See http://mtasa.com/authserial
[2020-09-16 13:41:44] WARNING: <owner_email_address> not set
[2020-09-16 13:41:44] Server started and is ready to accept connections!
[2020-09-16 13:41:44] To stop the server, type 'shutdown' or press Ctrl-C
[2020-09-16 13:41:44] Type 'help' for a list of commands.
==================================================================
= Multi Theft Auto: San Andreas v1.5.7
==================================================================
= Server name      : Kalbim cit
= Server IP address: auto
= Server port      : 22003
= 
= Log file         : .. 1.5/server/mods/deathmatch/logs/server.log
= Maximum players  : 32
= HTTP port        : 22005
= Voice Chat       : Disabled
= Bandwidth saving : Medium
==================================================================
[2020-09-16 13:43:00] Resources: 191 loaded, 0 failed
[2020-09-16 13:43:00] Starting resources...
[2020-09-16 13:43:00] Server minclientversion is now 1.5.7-9.20621.0
[2020-09-16 13:43:01] Gamemode 'play' started.
[2020-09-16 13:43:01] Querying MTA master server... success! (Auto detected IP:34.94.144.18)
[2020-09-16 13:43:01] Authorized serial account protection is enabled for the ACL group(s): `Admin`  See http://mtasa.com/authserial
[2020-09-16 13:43:01] WARNING: <owner_email_address> not set
[2020-09-16 13:43:01] Server started and is ready to accept connections!
[2020-09-16 13:43:01] To stop the server, type 'shutdown' or press Ctrl-C
[2020-09-16 13:43:01] Type 'help' for a list of commands.
==================================================================
= Multi Theft Auto: San Andreas v1.5.7
==================================================================
= Server name      : Kalbim cit
= Server IP address: auto
= Server port      : 22003
= 
= Log file         : .. 1.5/server/mods/deathmatch/logs/server.log
= Maximum players  : 32
= HTTP port        : 22005
= Voice Chat       : Disabled
= Bandwidth saving : Medium
==================================================================
[2020-09-16 13:47:27] Resources: 191 loaded, 0 failed
[2020-09-16 13:47:27] Starting resources...
[2020-09-16 13:47:27] Server minclientversion is now 1.5.7-9.20621.0
[2020-09-16 13:47:27] Gamemode 'play' started.
[2020-09-16 13:47:27] Querying MTA master server... success! (Auto detected IP:34.94.144.18)
[2020-09-16 13:47:27] Authorized serial account protection is enabled for the ACL group(s): `Admin`  See http://mtasa.com/authserial
[2020-09-16 13:47:27] WARNING: <owner_email_address> not set
[2020-09-16 13:47:27] Server started and is ready to accept connections!
[2020-09-16 13:47:27] To stop the server, type 'shutdown' or press Ctrl-C
[2020-09-16 13:47:27] Type 'help' for a list of commands.
==================================================================
= Multi Theft Auto: San Andreas v1.5.7
==================================================================
= Server name      : Kalbim cit
= Server IP address: auto
= Server port      : 22003
= 
= Log file         : .. 1.5/server/mods/deathmatch/logs/server.log
= Maximum players  : 32
= HTTP port        : 22005
= Voice Chat       : Disabled
= Bandwidth saving : Medium
==================================================================
[2020-09-16 13:49:33] Resources: 191 loaded, 0 failed
[2020-09-16 13:49:33] Starting resources...
[2020-09-16 13:49:34] Server minclientversion is now 1.5.7-9.20621.0
[2020-09-16 13:49:34] Gamemode 'play' started.
[2020-09-16 13:49:34] Querying MTA master server... success! (Auto detected IP:34.94.144.18)
[2020-09-16 13:49:34] Authorized serial account protection is enabled for the ACL group(s): `Admin`  See http://mtasa.com/authserial
[2020-09-16 13:49:34] WARNING: <owner_email_address> not set
[2020-09-16 13:49:34] Server started and is ready to accept connections!
[2020-09-16 13:49:34] To stop the server, type 'shutdown' or press Ctrl-C
[2020-09-16 13:49:34] Type 'help' for a list of commands.
==================================================================
= Multi Theft Auto: San Andreas v1.5.7
==================================================================
= Server name      : Kalbim cit
= Server IP address: auto
= Server port      : 22003
= 
= Log file         : .. 1.5/server/mods/deathmatch/logs/server.log
= Maximum players  : 32
= HTTP port        : 22005
= Voice Chat       : Disabled
= Bandwidth saving : Medium
==================================================================
[2020-09-16 13:51:45] Resources: 191 loaded, 0 failed
[2020-09-16 13:51:45] Starting resources...
[2020-09-16 13:51:45] Server minclientversion is now 1.5.7-9.20621.0
[2020-09-16 13:51:45] Gamemode 'play' started.
[2020-09-16 13:51:45] Querying MTA master server... success! (Auto detected IP:34.94.144.18)
[2020-09-16 13:51:45] Authorized serial account protection is enabled for the ACL group(s): `Admin`  See http://mtasa.com/authserial
[2020-09-16 13:51:45] WARNING: <owner_email_address> not set
[2020-09-16 13:51:45] Server started and is ready to accept connections!
[2020-09-16 13:51:45] To stop the server, type 'shutdown' or press Ctrl-C
[2020-09-16 13:51:45] Type 'help' for a list of commands.
==================================================================
= Multi Theft Auto: San Andreas v1.5.7
==================================================================
= Server name      : Kalbim cit
= Server IP address: auto
= Server port      : 22003
= 
= Log file         : .. 1.5/server/mods/deathmatch/logs/server.log
= Maximum players  : 32
= HTTP port        : 22005
= Voice Chat       : Disabled
= Bandwidth saving : Medium
==================================================================
[2020-09-16 13:52:41] Resources: 191 loaded, 0 failed
[2020-09-16 13:52:41] Starting resources...
[2020-09-16 13:52:42] Server minclientversion is now 1.5.7-9.20621.0
[2020-09-16 13:52:42] Gamemode 'play' started.
[2020-09-16 13:52:42] Querying MTA master server... success! (Auto detected IP:34.94.144.18)
[2020-09-16 13:52:42] Authorized serial account protection is enabled for the ACL group(s): `Admin`  See http://mtasa.com/authserial
[2020-09-16 13:52:42] WARNING: <owner_email_address> not set
[2020-09-16 13:52:42] Server started and is ready to accept connections!
[2020-09-16 13:52:42] To stop the server, type 'shutdown' or press Ctrl-C
[2020-09-16 13:52:42] Type 'help' for a list of commands.
==================================================================
= Multi Theft Auto: San Andreas v1.5.7
==================================================================
= Server name      : Kalbim cit
= Server IP address: auto
= Server port      : 22003
= 
= Log file         : .. 1.5/server/mods/deathmatch/logs/server.log
= Maximum players  : 32
= HTTP port        : 22005
= Voice Chat       : Disabled
= Bandwidth saving : Medium
==================================================================
[2020-09-16 14:03:28] Resources: 191 loaded, 0 failed
[2020-09-16 14:03:28] Starting resources...
[2020-09-16 14:03:28] Server minclientversion is now 1.5.7-9.20621.0
[2020-09-16 14:03:28] Gamemode 'play' started.
[2020-09-16 14:03:28] Querying MTA master server... success! (Auto detected IP:34.94.144.18)
[2020-09-16 14:03:28] Authorized serial account protection is enabled for the ACL group(s): `Admin`  See http://mtasa.com/authserial
[2020-09-16 14:03:28] WARNING: <owner_email_address> not set
[2020-09-16 14:03:28] Server started and is ready to accept connections!
[2020-09-16 14:03:28] To stop the server, type 'shutdown' or press Ctrl-C
[2020-09-16 14:03:28] Type 'help' for a list of commands.
==================================================================
= Multi Theft Auto: San Andreas v1.5.7
==================================================================
= Server name      : Kalbim cit
= Server IP address: auto
= Server port      : 22003
= 
= Log file         : .. 1.5/server/mods/deathmatch/logs/server.log
= Maximum players  : 32
= HTTP port        : 22005
= Voice Chat       : Disabled
= Bandwidth saving : Medium
==================================================================
[2020-09-16 14:09:29] Resources: 191 loaded, 0 failed
[2020-09-16 14:09:29] Starting resources...
[2020-09-16 14:09:29] Server minclientversion is now 1.5.7-9.20621.0
[2020-09-16 14:09:30] Gamemode 'play' started.
[2020-09-16 14:09:30] Querying MTA master server... success! (Auto detected IP:34.94.144.18)
[2020-09-16 14:09:30] Authorized serial account protection is enabled for the ACL group(s): `Admin`  See http://mtasa.com/authserial
[2020-09-16 14:09:30] WARNING: <owner_email_address> not set
[2020-09-16 14:09:30] Server started and is ready to accept connections!
[2020-09-16 14:09:30] To stop the server, type 'shutdown' or press Ctrl-C
[2020-09-16 14:09:30] Type 'help' for a list of commands.
==================================================================
= Multi Theft Auto: San Andreas v1.5.7
==================================================================
= Server name      : Kalbim cit
= Server IP address: auto
= Server port      : 22003
= 
= Log file         : .. 1.5/server/mods/deathmatch/logs/server.log
= Maximum players  : 32
= HTTP port        : 22005
= Voice Chat       : Disabled
= Bandwidth saving : Medium
==================================================================
[2020-09-16 14:11:27] Resources: 191 loaded, 0 failed
[2020-09-16 14:11:27] Starting resources...
[2020-09-16 14:11:27] Server minclientversion is now 1.5.7-9.20621.0
[2020-09-16 14:11:27] Gamemode 'play' started.
[2020-09-16 14:11:27] Querying MTA master server... success! (Auto detected IP:34.94.144.18)
[2020-09-16 14:11:27] Authorized serial account protection is enabled for the ACL group(s): `Admin`  See http://mtasa.com/authserial
[2020-09-16 14:11:27] WARNING: <owner_email_address> not set
[2020-09-16 14:11:27] Server started and is ready to accept connections!
[2020-09-16 14:11:27] To stop the server, type 'shutdown' or press Ctrl-C
[2020-09-16 14:11:27] Type 'help' for a list of commands.
==================================================================
= Multi Theft Auto: San Andreas v1.5.7
==================================================================
= Server name      : Kalbim cit
= Server IP address: auto
= Server port      : 22003
= 
= Log file         : .. 1.5/server/mods/deathmatch/logs/server.log
= Maximum players  : 32
= HTTP port        : 22005
= Voice Chat       : Disabled
= Bandwidth saving : Medium
==================================================================
[2020-09-16 14:24:00] Resources: 191 loaded, 0 failed
[2020-09-16 14:24:00] Starting resources...
[2020-09-16 14:24:00] Server minclientversion is now 1.5.7-9.20621.0
[2020-09-16 14:24:00] Gamemode 'play' started.
[2020-09-16 14:24:00] Querying MTA master server... success! (Auto detected IP:34.94.144.18)
[2020-09-16 14:24:00] Authorized serial account protection is enabled for the ACL group(s): `Admin`  See http://mtasa.com/authserial
[2020-09-16 14:24:00] WARNING: <owner_email_address> not set
[2020-09-16 14:24:00] Server started and is ready to accept connections!
[2020-09-16 14:24:00] To stop the server, type 'shutdown' or press Ctrl-C
[2020-09-16 14:24:00] Type 'help' for a list of commands.
==================================================================
= Multi Theft Auto: San Andreas v1.5.7
==================================================================
= Server name      : Kalbim cit
= Server IP address: auto
= Server port      : 22003
= 
= Log file         : .. 1.5/server/mods/deathmatch/logs/server.log
= Maximum players  : 32
= HTTP port        : 22005
= Voice Chat       : Disabled
= Bandwidth saving : Medium
==================================================================
[2020-09-16 14:25:04] Resources: 191 loaded, 0 failed
[2020-09-16 14:25:04] Starting resources...
[2020-09-16 14:25:04] Server minclientversion is now 1.5.7-9.20621.0
[2020-09-16 14:25:05] Gamemode 'play' started.
[2020-09-16 14:25:05] Querying MTA master server... success! (Auto detected IP:34.94.144.18)
[2020-09-16 14:25:05] Authorized serial account protection is enabled for the ACL group(s): `Admin`  See http://mtasa.com/authserial
[2020-09-16 14:25:05] Server started and is ready to accept connections!
[2020-09-16 14:25:05] To stop the server, type 'shutdown' or press Ctrl-C
[2020-09-16 14:25:05] Type 'help' for a list of commands.
[2020-09-16 14:27:22] Server stopped!
[2020-09-16 14:27:22] Stopping resources.......................
[2020-09-16 14:27:22] Closing SQLite3 database
==================================================================
= Multi Theft Auto: San Andreas v1.5.7
==================================================================
= Server name      : Kalbim cit
= Server IP address: auto
= Server port      : 22003
= 
= Log file         : .. 1.5/server/mods/deathmatch/logs/server.log
= Maximum players  : 32
= HTTP port        : 22005
= Voice Chat       : Disabled
= Bandwidth saving : Medium
==================================================================
[2020-09-16 14:29:29] Resources: 191 loaded, 0 failed
[2020-09-16 14:29:29] Starting resources...
[2020-09-16 14:29:29] Server minclientversion is now 1.5.7-9.20621.0
[2020-09-16 14:29:30] Gamemode 'play' started.
[2020-09-16 14:29:30] Querying MTA master server... success! (Auto detected IP:34.94.144.18)
[2020-09-16 14:29:30] Authorized serial account protection is enabled for the ACL group(s): `Admin`  See http://mtasa.com/authserial
[2020-09-16 14:29:30] Server started and is ready to accept connections!
[2020-09-16 14:29:30] To stop the server, type 'shutdown' or press Ctrl-C
[2020-09-16 14:29:30] Type 'help' for a list of commands.
==================================================================
= Multi Theft Auto: San Andreas v1.5.7
==================================================================
= Server name      : Kalbim cit
= Server IP address: auto
= Server port      : 22003
= 
= Log file         : .. 1.5/server/mods/deathmatch/logs/server.log
= Maximum players  : 32
= HTTP port        : 22005
= Voice Chat       : Disabled
= Bandwidth saving : Medium
==================================================================
[2020-09-16 14:41:31] Resources: 191 loaded, 0 failed
[2020-09-16 14:41:31] Starting resources...
[2020-09-16 14:41:31] Server minclientversion is now 1.5.7-9.20621.0
[2020-09-16 14:41:32] Gamemode 'play' started.
[2020-09-16 14:41:32] Querying MTA master server... success! (Auto detected IP:34.94.144.18)
[2020-09-16 14:41:32] Authorized serial account protection is enabled for the ACL group(s): `Admin`  See http://mtasa.com/authserial
[2020-09-16 14:41:32] Server started and is ready to accept connections!
[2020-09-16 14:41:32] To stop the server, type 'shutdown' or press Ctrl-C
[2020-09-16 14:41:32] Type 'help' for a list of commands.
==================================================================
= Multi Theft Auto: San Andreas v1.5.7
==================================================================
= Server name      : Kalbim cit
= Server IP address: auto
= Server port      : 22003
= 
= Log file         : .. 1.5/server/mods/deathmatch/logs/server.log
= Maximum players  : 32
= HTTP port        : 22005
= Voice Chat       : Disabled
= Bandwidth saving : Medium
==================================================================
[2020-09-16 14:44:38] Resources: 191 loaded, 0 failed
[2020-09-16 14:44:38] Starting resources...
[2020-09-16 14:44:38] Server minclientversion is now 1.5.7-9.20621.0
[2020-09-16 14:44:38] Gamemode 'play' started.
[2020-09-16 14:44:38] Authorized serial account protection is enabled for the ACL group(s): `Admin`  See http://mtasa.com/authserial
[2020-09-16 14:44:38] Server started and is ready to accept connections!
[2020-09-16 14:44:38] To stop the server, type 'shutdown' or press Ctrl-C
[2020-09-16 14:44:38] Type 'help' for a list of commands.
[2020-09-16 14:44:40] Querying MTA master server... success! (Auto detected IP:34.94.144.18)
[2020-09-16 14:50:41] CONNECT: [POH]Taha[Kursiyer] connected (IP: 78.163.33.79  Serial: 1459C60C56BE9233F6DCD76F1F597134  Version: 1.5.7-9.20637.0)
[2020-09-16 14:50:48] JOIN: [POH]Taha[Kursiyer] joined the game (IP: 78.163.33.79)
[2020-09-16 14:52:32] QUIT: [POH]Taha[Kursiyer] left the game [Quit]
==================================================================
= Multi Theft Auto: San Andreas v1.5.7
==================================================================
= Server name      : Kalbim cit
= Server IP address: auto
= Server port      : 22003
= 
= Log file         : .. 1.5/server/mods/deathmatch/logs/server.log
= Maximum players  : 32
= HTTP port        : 22005
= Voice Chat       : Disabled
= Bandwidth saving : Medium
==================================================================
[2020-09-16 15:32:58] Resources: 191 loaded, 0 failed
[2020-09-16 15:32:58] Starting resources...
[2020-09-16 15:32:58] Server minclientversion is now 1.5.7-9.20621.0
[2020-09-16 15:32:58] Gamemode 'play' started.
[2020-09-16 15:32:58] Querying MTA master server... success! (Auto detected IP:34.94.144.18)
[2020-09-16 15:32:58] Authorized serial account protection is enabled for the ACL group(s): `Admin`  See http://mtasa.com/authserial
[2020-09-16 15:32:58] Server started and is ready to accept connections!
[2020-09-16 15:32:58] To stop the server, type 'shutdown' or press Ctrl-C
[2020-09-16 15:32:58] Type 'help' for a list of commands.
[2020-09-16 15:33:25] CONNECT: UMURSAMAZ connected (IP: 62.29.70.164  Serial: 94096332D466624903817F341CC340F2  Version: 1.5.7-9.20632.0)
[2020-09-16 15:33:29] JOIN: UMURSAMAZ joined the game (IP: 62.29.70.164)
[2020-09-16 15:33:33] DIAGNOSTIC: UMURSAMAZ #1012 External HTTP file download error:[6] Error downloading requested files. Couldn't resolve host name. [Could not resolve host: www.myserver.tld] [here/scoreboard/dxscoreboard_shared.lua] (Disabling External HTTP) [admin\client\images\warning.png]
[2020-09-16 15:33:33] DIAGNOSTIC: UMURSAMAZ #1012 External HTTP file download error:[6] Error downloading requested files. Couldn't resolve host name. [Could not resolve host: www.myserver.tld] [here/scoreboard/dxscoreboard_shared.lua] (Disabling External HTTP) [admin\client\images\error.png]
[2020-09-16 15:33:33] DIAGNOSTIC: UMURSAMAZ #1012 External HTTP file download error:[6] Error downloading requested files. Couldn't resolve host name. [Could not resolve host: www.myserver.tld] [here/scoreboard/dxscoreboard_rt.lua] (Disabling External HTTP) [admin\client\images\question.png]
[2020-09-16 15:35:13] QUIT: UMURSAMAZ left the game [Quit]
[2020-09-16 15:35:33] CONNECT: UMURSAMAZ connected (IP: 62.29.70.164  Serial: 94096332D466624903817F341CC340F2  Version: 1.5.7-9.20632.0)
[2020-09-16 15:35:34] JOIN: UMURSAMAZ joined the game (IP: 62.29.70.164)
[2020-09-16 15:35:36] DIAGNOSTIC: UMURSAMAZ #1012 External HTTP file download error:[6] Error downloading requested files. Couldn't resolve host name. [Could not resolve host: www.myserver.tld] [here/admin/client/images/flags/ad.png] (Disabling External HTTP) [admin\client\images\warning.png]
[2020-09-16 15:35:36] DIAGNOSTIC: UMURSAMAZ #1012 External HTTP file download error:[6] Error downloading requested files. Couldn't resolve host name. [Could not resolve host: www.myserver.tld] [here/admin/client/images/flags/ao.png] (Disabling External HTTP) [admin\client\images\error.png]
[2020-09-16 15:35:36] DIAGNOSTIC: UMURSAMAZ #1012 External HTTP file download error:[6] Error downloading requested files. Couldn't resolve host name. [Could not resolve host: www.myserver.tld] [here/admin/client/images/flags/ar.png] (Disabling External HTTP) [admin\client\images\question.png]
[2020-09-16 15:37:16] QUIT: UMURSAMAZ left the game [Quit]
==================================================================
= Multi Theft Auto: San Andreas v1.5.7
==================================================================
= Server name      : Kalbim cit
= Server IP address: auto
= Server port      : 22003
= 
= Log file         : .. 1.5/server/mods/deathmatch/logs/server.log
= Maximum players  : 32
= HTTP port        : 22005
= Voice Chat       : Disabled
= Bandwidth saving : Medium
==================================================================
[2020-09-16 15:42:32] Starting resources...
[2020-09-16 15:42:32] ERROR: Couldn't find resource admin. Check it exists.
[2020-09-16 15:42:32] ERROR: Couldn't find resource defaultstats. Check it exists.
[2020-09-16 15:42:32] ERROR: Couldn't find resource helpmanager. Check it exists.
[2020-09-16 15:42:32] ERROR: Couldn't find resource joinquit. Check it exists.
[2020-09-16 15:42:32] ERROR: Couldn't find resource mapcycler. Check it exists.
[2020-09-16 15:42:32] ERROR: Couldn't find resource mapmanager. Check it exists.
[2020-09-16 15:42:32] ERROR: Couldn't find resource parachute. Check it exists.
[2020-09-16 15:42:32] ERROR: Couldn't find resource performancebrowser. Check it exists.
[2020-09-16 15:42:32] ERROR: Couldn't find resource ipb. Check it exists.
[2020-09-16 15:42:32] ERROR: Couldn't find resource reload. Check it exists.
[2020-09-16 15:42:32] ERROR: Couldn't find resource resourcebrowser. Check it exists.
[2020-09-16 15:42:32] ERROR: Couldn't find resource resourcemanager. Check it exists.
[2020-09-16 15:42:32] ERROR: Couldn't find resource scoreboard. Check it exists.
[2020-09-16 15:42:32] ERROR: Couldn't find resource spawnmanager. Check it exists.
[2020-09-16 15:42:32] ERROR: Couldn't find resource voice. Check it exists.
[2020-09-16 15:42:32] ERROR: Couldn't find resource votemanager. Check it exists.
[2020-09-16 15:42:32] ERROR: Couldn't find resource webadmin. Check it exists.
[2020-09-16 15:42:32] ERROR: Couldn't find resource play. Check it exists.
[2020-09-16 15:42:32] Authorized serial account protection is enabled for the ACL group(s): `Admin`  See http://mtasa.com/authserial
[2020-09-16 15:42:32] Server started and is ready to accept connections!
[2020-09-16 15:42:32] To stop the server, type 'shutdown' or press Ctrl-C
[2020-09-16 15:42:32] Type 'help' for a list of commands.
[2020-09-16 15:42:33] Querying MTA master server... success! (Auto detected IP:34.94.144.18)
==================================================================
= Multi Theft Auto: San Andreas v1.5.7
==================================================================
= Server name      : Kalbim cit
= Server IP address: auto
= Server port      : 22003
= 
= Log file         : .. 1.5/server/mods/deathmatch/logs/server.log
= Maximum players  : 32
= HTTP port        : 22005
= Voice Chat       : Disabled
= Bandwidth saving : Medium
==================================================================
[2020-09-16 15:43:22] Resources: 191 loaded, 0 failed
[2020-09-16 15:43:22] Starting resources...
[2020-09-16 15:43:22] Server minclientversion is now 1.5.7-9.20621.0
[2020-09-16 15:43:23] Gamemode 'play' started.
[2020-09-16 15:43:23] Querying MTA master server... success! (Auto detected IP:34.94.144.18)
[2020-09-16 15:43:23] Authorized serial account protection is enabled for the ACL group(s): `Admin`  See http://mtasa.com/authserial
[2020-09-16 15:43:23] Server started and is ready to accept connections!
[2020-09-16 15:43:23] To stop the server, type 'shutdown' or press Ctrl-C
[2020-09-16 15:43:23] Type 'help' for a list of commands.
==================================================================
= Multi Theft Auto: San Andreas v1.5.7
==================================================================
= Server name      : Kalbim cit
= Server IP address: auto
= Server port      : 22003
= 
= Log file         : .. 1.5/server/mods/deathmatch/logs/server.log
= Maximum players  : 32
= HTTP port        : 22005
= Voice Chat       : Disabled
= Bandwidth saving : Medium
==================================================================
[2020-09-16 15:52:33] Resources: 192 loaded, 0 failed
[2020-09-16 15:52:33] Starting resources...
[2020-09-16 15:52:33] Server minclientversion is now 1.5.7-9.20621.0
[2020-09-16 15:52:33] Gamemode 'play' started.
[2020-09-16 15:52:33] Querying MTA master server... success! (Auto detected IP:34.94.144.18)
[2020-09-16 15:52:33] Authorized serial account protection is enabled for the ACL group(s): `Admin`  See http://mtasa.com/authserial
[2020-09-16 15:52:33] Server started and is ready to accept connections!
[2020-09-16 15:52:33] To stop the server, type 'shutdown' or press Ctrl-C
[2020-09-16 15:52:33] Type 'help' for a list of commands.
[2020-09-16 15:54:05] CONNECT: [POH]Taha[Kursiyer] connected (IP: 78.163.33.79  Serial: 1459C60C56BE9233F6DCD76F1F597134  Version: 1.5.7-9.20642.0)
[2020-09-16 15:54:10] JOIN: [POH]Taha[Kursiyer] joined the game (IP: 78.163.33.79)
[2020-09-16 15:54:14] DIAGNOSTIC: [POH]Taha[Kursiyer] #1011 External HTTP file mismatch (Retrying this file with internal HTTP) [scoreboard\dxscoreboard_client.lua]
[2020-09-16 15:54:14] DIAGNOSTIC: [POH]Taha[Kursiyer] #1011 External HTTP file mismatch (Retrying this file with internal HTTP) [scoreboard\dxscoreboard_clientsettings.lua]
[2020-09-16 15:54:14] DIAGNOSTIC: [POH]Taha[Kursiyer] #1011 External HTTP file mismatch (Retrying this file with internal HTTP) [scoreboard\dxscoreboard_shared.lua]
[2020-09-16 15:54:59] QUIT: [POH]Taha[Kursiyer] left the game [Quit]
==================================================================
= Multi Theft Auto: San Andreas v1.5.7
==================================================================
= Server name      : Kalbim cit
= Server IP address: auto
= Server port      : 22003
= 
= Log file         : .. 1.5/server/mods/deathmatch/logs/server.log
= Maximum players  : 32
= HTTP port        : 22005
= Voice Chat       : Disabled
= Bandwidth saving : Medium
==================================================================
[2020-09-16 15:56:54] Resources: 192 loaded, 0 failed
[2020-09-16 15:56:54] Starting resources...
[2020-09-16 15:56:54] Server minclientversion is now 1.5.7-9.20621.0
[2020-09-16 15:56:54] Gamemode 'play' started.
[2020-09-16 15:56:54] Querying MTA master server... success! (Auto detected IP:34.94.144.18)
[2020-09-16 15:56:54] Authorized serial account protection is enabled for the ACL group(s): `Admin`  See http://mtasa.com/authserial
[2020-09-16 15:56:54] Server started and is ready to accept connections!
[2020-09-16 15:56:54] To stop the server, type 'shutdown' or press Ctrl-C
[2020-09-16 15:56:54] Type 'help' for a list of commands.
[2020-09-16 15:57:20] CONNECT: [POH]Taha[Kursiyer] connected (IP: 78.163.33.79  Serial: 1459C60C56BE9233F6DCD76F1F597134  Version: 1.5.7-9.20642.0)
[2020-09-16 15:57:24] JOIN: [POH]Taha[Kursiyer] joined the game (IP: 78.163.33.79)
[2020-09-16 15:57:32] DIAGNOSTIC: [POH]Taha[Kursiyer] #1011 External HTTP file mismatch (Retrying this file with internal HTTP) [scoreboard\colorpicker\colorpicker.lua]
[2020-09-16 15:57:32] DIAGNOSTIC: [POH]Taha[Kursiyer] #1011 External HTTP file mismatch (Retrying this file with internal HTTP) [scoreboard\dxscoreboard_client.lua]
[2020-09-16 15:57:32] DIAGNOSTIC: [POH]Taha[Kursiyer] #1011 External HTTP file mismatch (Retrying this file with internal HTTP) [scoreboard\dxscoreboard_clientsettings.lua]
[2020-09-16 15:59:33] QUIT: [POH]Taha[Kursiyer] left the game [Quit]
